-------------------------------------------------------------------------------
Test set: web.filters.SessionExpiredFilterTest
-------------------------------------------------------------------------------
Tests run: 1, Failures: 1, Errors: 0, Skipped: 0, Time elapsed: 0.002 sec <<< FAILURE! - in web.filters.SessionExpiredFilterTest
testDoFilter(web.filters.SessionExpiredFilterTest)  Time elapsed: 0.002 sec  <<< FAILURE!
java.lang.AssertionError: Not yet implemented
	at org.junit.Assert.fail(Assert.java:74)
	at web.filters.SessionExpiredFilterTest.testDoFilter(SessionExpiredFilterTest.java:21)

